METEOROLOGICAL DATA					DATA TYPE
HUMIDITY SENSOR
Galltech (manufacturer)
FK80J (model)
A310340000 (S/N)
SET OF FIVE THERMOELEMENTS
Uteco (Manufac.)
CB 1XK 0.22/6000 PVC JJ2X0.22 (model)

Hellenic Institute of Metrology
Sensor located in the Time & Frequency Laboratory
							END OF HEADER
 08 10 18 00 00 44	23.01	24.20	PRE?
 08 10 18 00 01 44	22.97	24.17	PRE?
 08 10 18 00 02 44	22.96	24.18	PRE?
 08 10 18 00 03 44	22.99	24.20	PRE?
 08 10 18 00 04 44	22.97	24.19	PRE?
 08 10 18 00 05 44	23.00	24.20	PRE?
 08 10 18 00 06 44	22.96	24.16	PRE?
 08 10 18 00 07 44	22.97	24.19	PRE?
 08 10 18 00 08 44	22.97	24.19	PRE?
 08 10 18 00 09 44	22.98	24.20	PRE?
 08 10 18 00 10 44	22.98	24.18	PRE?
 08 10 18 00 11 44	23.01	24.19	PRE?
 08 10 18 00 12 44	22.96	24.16	PRE?
 08 10 18 00 13 44	23.01	24.21	PRE?
 08 10 18 00 14 44	23.00	24.23	PRE?
 08 10 18 00 15 44	22.99	24.20	PRE?
 08 10 18 00 16 44	23.00	24.19	PRE?
 08 10 18 00 17 44	22.98	24.22	PRE?
 08 10 18 00 18 44	22.99	24.23	PRE?
 08 10 18 00 19 44	23.02	24.22	PRE?
 08 10 18 00 20 44	22.99	24.17	PRE?
 08 10 18 00 21 44	22.99	24.23	PRE?
 08 10 18 00 22 44	23.00	24.20	PRE?
 08 10 18 00 23 44	23.00	24.18	PRE?
 08 10 18 00 24 44	23.00	24.21	PRE?
 08 10 18 00 25 44	22.97	24.23	PRE?
 08 10 18 00 26 44	23.02	24.23	PRE?
 08 10 18 00 27 44	22.99	24.19	PRE?
 08 10 18 00 28 44	22.98	24.21	PRE?
 08 10 18 00 29 44	22.97	24.21	PRE?
 08 10 18 00 30 44	22.97	24.23	PRE?
 08 10 18 00 31 44	22.99	24.24	PRE?
 08 10 18 00 32 44	22.96	24.20	PRE?
 08 10 18 00 33 44	22.97	24.24	PRE?
 08 10 18 00 34 44	22.97	24.19	PRE?
 08 10 18 00 35 44	22.96	24.20	PRE?
 08 10 18 00 36 44	22.97	24.21	PRE?
 08 10 18 00 37 44	22.95	24.21	PRE?
 08 10 18 00 38 44	22.99	24.23	PRE?
 08 10 18 00 39 44	22.97	24.18	PRE?
 08 10 18 00 40 44	23.00	24.16	PRE?
 08 10 18 00 41 44	23.00	24.22	PRE?
 08 10 18 00 42 44	22.99	24.21	PRE?
 08 10 18 00 43 44	22.97	24.18	PRE?
 08 10 18 00 44 44	22.99	24.19	PRE?
 08 10 18 00 45 44	22.96	24.22	PRE?
 08 10 18 00 46 44	22.97	24.19	PRE?
 08 10 18 00 47 44	22.98	24.20	PRE?
 08 10 18 00 48 44	22.97	24.20	PRE?
 08 10 18 00 49 44	22.96	24.17	PRE?
 08 10 18 00 50 44	22.94	24.22	PRE?
 08 10 18 00 51 44	22.95	24.19	PRE?
 08 10 18 00 52 44	22.98	24.21	PRE?
 08 10 18 00 53 44	22.97	24.18	PRE?
 08 10 18 00 54 43	22.97	24.19	PRE?
 08 10 18 00 55 44	22.98	24.15	PRE?
 08 10 18 00 56 44	22.99	24.20	PRE?
 08 10 18 00 56 44	22.98	24.21	PRE?
 08 10 18 00 58 43	22.95	24.17	PRE?
 08 10 18 00 59 44	22.96	24.16	PRE?
 08 10 18 01 00 44	22.94	24.18	PRE?
 08 10 18 01 01 44	22.95	24.15	PRE?
 08 10 18 01 02 44	22.95	24.18	PRE?
 08 10 18 01 03 44	22.93	24.17	PRE?
 08 10 18 01 04 44	22.98	24.19	PRE?
 08 10 18 01 05 44	22.94	24.15	PRE?
 08 10 18 01 06 44	22.97	24.18	PRE?
 08 10 18 01 07 44	22.96	24.17	PRE?
 08 10 18 01 08 44	22.95	24.18	PRE?
 08 10 18 01 09 44	22.96	24.17	PRE?
 08 10 18 01 10 44	22.95	24.17	PRE?
 08 10 18 01 11 44	22.96	24.15	PRE?
 08 10 18 01 12 44	22.95	24.16	PRE?
 08 10 18 01 13 44	22.95	24.15	PRE?
 08 10 18 01 14 44	22.94	24.13	PRE?
 08 10 18 01 15 44	22.93	24.17	PRE?
 08 10 18 01 16 44	22.96	24.16	PRE?
 08 10 18 01 17 44	22.95	24.22	PRE?
 08 10 18 01 18 44	22.95	24.16	PRE?
 08 10 18 01 19 44	22.95	24.14	PRE?
 08 10 18 01 20 44	22.95	24.17	PRE?
 08 10 18 01 21 44	22.94	24.14	PRE?
 08 10 18 01 22 44	22.95	24.15	PRE?
 08 10 18 01 23 44	22.96	24.18	PRE?
 08 10 18 01 24 44	22.94	24.16	PRE?
 08 10 18 01 25 44	22.92	24.16	PRE?
 08 10 18 01 26 44	22.92	24.15	PRE?
 08 10 18 01 27 44	22.95	24.20	PRE?
 08 10 18 01 28 44	22.96	24.16	PRE?
 08 10 18 01 29 44	22.92	24.22	PRE?
 08 10 18 01 30 44	22.96	24.18	PRE?
 08 10 18 01 31 44	22.95	24.25	PRE?
 08 10 18 01 32 44	22.95	24.23	PRE?
 08 10 18 01 33 44	22.92	24.23	PRE?
 08 10 18 01 34 44	22.92	24.21	PRE?
 08 10 18 01 35 44	22.95	24.22	PRE?
 08 10 18 01 36 44	22.93	24.18	PRE?
 08 10 18 01 37 44	22.94	24.22	PRE?
 08 10 18 01 38 44	22.92	24.15	PRE?
 08 10 18 01 39 44	22.94	24.20	PRE?
 08 10 18 01 40 44	22.92	24.20	PRE?
 08 10 18 01 41 44	22.93	24.20	PRE?
 08 10 18 01 42 44	22.94	24.20	PRE?
 08 10 18 01 43 44	22.95	24.20	PRE?
 08 10 18 01 44 44	22.91	24.16	PRE?
 08 10 18 01 45 44	22.94	24.20	PRE?
 08 10 18 01 46 44	22.95	24.18	PRE?
 08 10 18 01 47 44	22.92	24.18	PRE?
 08 10 18 01 48 44	22.92	24.19	PRE?
 08 10 18 01 49 44	22.91	24.17	PRE?
 08 10 18 01 50 44	22.94	24.16	PRE?
 08 10 18 01 51 44	22.94	24.15	PRE?
 08 10 18 01 52 44	22.94	24.19	PRE?
 08 10 18 01 53 44	22.94	24.16	PRE?
 08 10 18 01 54 44	22.96	24.13	PRE?
 08 10 18 01 55 44	22.91	24.14	PRE?
 08 10 18 01 56 44	22.91	24.17	PRE?
 08 10 18 01 57 44	22.91	24.17	PRE?
 08 10 18 01 58 44	22.96	24.18	PRE?
 08 10 18 01 59 44	22.93	24.15	PRE?
 08 10 18 02 00 44	22.94	24.17	PRE?
 08 10 18 02 01 44	22.98	24.18	PRE?
 08 10 18 02 02 44	22.97	24.18	PRE?
 08 10 18 02 03 44	22.95	24.16	PRE?
 08 10 18 02 04 44	22.95	24.16	PRE?
 08 10 18 02 05 44	22.95	24.16	PRE?
 08 10 18 02 06 44	22.98	24.19	PRE?
 08 10 18 02 07 44	22.96	24.19	PRE?
 08 10 18 02 08 44	22.97	24.21	PRE?
 08 10 18 02 09 44	22.96	24.19	PRE?
 08 10 18 02 10 44	22.97	24.18	PRE?
 08 10 18 02 11 44	22.96	24.19	PRE?
 08 10 18 02 12 44	22.98	24.17	PRE?
 08 10 18 02 13 44	22.97	24.19	PRE?
 08 10 18 02 14 44	22.97	24.22	PRE?
 08 10 18 02 15 44	22.96	24.20	PRE?
 08 10 18 02 16 44	22.95	24.17	PRE?
 08 10 18 02 17 44	22.95	24.15	PRE?
 08 10 18 02 18 44	22.95	24.19	PRE?
 08 10 18 02 19 44	22.95	24.17	PRE?
 08 10 18 02 20 44	22.94	24.16	PRE?
 08 10 18 02 21 44	22.94	24.14	PRE?
 08 10 18 02 22 44	22.97	24.17	PRE?
 08 10 18 02 23 44	22.95	24.13	PRE?
 08 10 18 02 24 44	22.95	24.14	PRE?
 08 10 18 02 25 44	22.97	24.16	PRE?
 08 10 18 02 26 44	22.94	24.17	PRE?
 08 10 18 02 27 44	22.95	24.17	PRE?
 08 10 18 02 28 44	22.97	24.16	PRE?
 08 10 18 02 29 44	22.97	24.15	PRE?
 08 10 18 02 30 44	22.96	24.16	PRE?
 08 10 18 02 31 44	22.95	24.19	PRE?
 08 10 18 02 32 44	22.96	24.20	PRE?
 08 10 18 02 33 44	22.95	24.17	PRE?
 08 10 18 02 34 44	22.97	24.18	PRE?
 08 10 18 02 35 44	22.98	24.17	PRE?
 08 10 18 02 36 44	22.96	24.16	PRE?
 08 10 18 02 37 44	22.97	24.20	PRE?
 08 10 18 02 38 44	22.97	24.16	PRE?
 08 10 18 02 39 44	22.95	24.14	PRE?
 08 10 18 02 40 44	22.98	24.18	PRE?
 08 10 18 02 41 44	22.97	24.17	PRE?
 08 10 18 02 42 44	22.98	24.22	PRE?
 08 10 18 02 43 44	22.95	24.20	PRE?
 08 10 18 02 44 44	22.96	24.16	PRE?
 08 10 18 02 45 43	22.99	24.18	PRE?
 08 10 18 02 46 44	22.96	24.16	PRE?
 08 10 18 02 47 44	22.96	24.18	PRE?
 08 10 18 02 49 43	22.97	24.18	PRE?
 08 10 18 02 49 44	22.97	24.19	PRE?
 08 10 18 02 50 44	22.95	24.18	PRE?
 08 10 18 02 51 44	22.96	24.15	PRE?
 08 10 18 02 52 44	22.95	24.17	PRE?
 08 10 18 02 53 44	22.98	24.21	PRE?
 08 10 18 02 54 44	22.96	24.17	PRE?
 08 10 18 02 55 44	22.98	24.21	PRE?
 08 10 18 02 56 44	22.97	24.19	PRE?
 08 10 18 02 57 44	22.99	24.18	PRE?
 08 10 18 02 58 44	22.97	24.18	PRE?
 08 10 18 02 59 44	22.95	24.17	PRE?
 08 10 18 03 00 44	22.96	24.20	PRE?
 08 10 18 03 01 44	22.94	24.19	PRE?
 08 10 18 03 02 44	22.96	24.22	PRE?
 08 10 18 03 03 44	22.95	24.19	PRE?
 08 10 18 03 04 44	22.97	24.19	PRE?
 08 10 18 03 05 44	22.97	24.17	PRE?
 08 10 18 03 06 44	22.97	24.17	PRE?
 08 10 18 03 07 44	22.99	24.17	PRE?
 08 10 18 03 08 44	22.98	24.18	PRE?
 08 10 18 03 09 44	22.98	24.17	PRE?
 08 10 18 03 10 44	22.97	24.20	PRE?
 08 10 18 03 11 44	22.97	24.18	PRE?
 08 10 18 03 12 44	22.97	24.16	PRE?
 08 10 18 03 13 44	22.99	24.16	PRE?
 08 10 18 03 14 44	22.98	24.17	PRE?
 08 10 18 03 15 44	22.99	24.16	PRE?
 08 10 18 03 16 44	22.97	24.14	PRE?
 08 10 18 03 17 44	22.96	24.19	PRE?
 08 10 18 03 18 44	22.98	24.18	PRE?
 08 10 18 03 19 44	22.99	24.19	PRE?
 08 10 18 03 20 44	22.96	24.18	PRE?
 08 10 18 03 21 44	22.98	24.14	PRE?
 08 10 18 03 22 44	22.98	24.19	PRE?
 08 10 18 03 23 44	22.99	24.20	PRE?
 08 10 18 03 24 44	23.00	24.19	PRE?
 08 10 18 03 25 44	23.00	24.20	PRE?
 08 10 18 03 26 44	22.99	24.17	PRE?
 08 10 18 03 27 44	22.95	24.19	PRE?
 08 10 18 03 28 44	22.97	24.17	PRE?
 08 10 18 03 29 44	22.97	24.17	PRE?
 08 10 18 03 30 44	22.97	24.15	PRE?
 08 10 18 03 31 44	22.96	24.18	PRE?
 08 10 18 03 32 44	22.98	24.17	PRE?
 08 10 18 03 33 44	22.96	24.21	PRE?
 08 10 18 03 34 44	22.95	24.17	PRE?
 08 10 18 03 35 44	22.96	24.21	PRE?
 08 10 18 03 36 44	22.96	24.16	PRE?
 08 10 18 03 37 44	22.99	24.21	PRE?
 08 10 18 03 38 44	23.00	24.20	PRE?
 08 10 18 03 39 44	22.96	24.17	PRE?
 08 10 18 03 40 44	22.97	24.19	PRE?
 08 10 18 03 41 44	23.01	24.18	PRE?
 08 10 18 03 42 44	22.99	24.20	PRE?
 08 10 18 03 43 44	22.97	24.19	PRE?
 08 10 18 03 44 44	23.00	24.20	PRE?
 08 10 18 03 45 44	22.98	24.20	PRE?
 08 10 18 03 46 44	22.97	24.15	PRE?
 08 10 18 03 47 44	23.00	24.20	PRE?
 08 10 18 03 48 44	22.95	24.19	PRE?
 08 10 18 03 49 44	22.98	24.17	PRE?
 08 10 18 03 50 44	22.98	24.17	PRE?
 08 10 18 03 51 44	22.98	24.20	PRE?
 08 10 18 03 52 44	22.95	24.19	PRE?
 08 10 18 03 53 44	22.99	24.22	PRE?
 08 10 18 03 54 44	22.99	24.18	PRE?
 08 10 18 03 55 44	22.95	24.18	PRE?
 08 10 18 03 56 44	22.99	24.18	PRE?
 08 10 18 03 57 44	22.97	24.19	PRE?
 08 10 18 03 58 44	22.99	24.17	PRE?
 08 10 18 03 59 44	22.98	24.20	PRE?
 08 10 18 04 00 44	22.99	24.17	PRE?
 08 10 18 04 01 44	23.00	24.16	PRE?
 08 10 18 04 02 44	23.00	24.20	PRE?
 08 10 18 04 03 44	23.01	24.20	PRE?
 08 10 18 04 04 44	22.99	24.17	PRE?
 08 10 18 04 05 44	22.99	24.20	PRE?
 08 10 18 04 06 44	22.99	24.18	PRE?
 08 10 18 04 07 44	22.98	24.21	PRE?
 08 10 18 04 08 44	22.99	24.21	PRE?
 08 10 18 04 09 44	23.00	24.20	PRE?
 08 10 18 04 10 44	22.98	24.20	PRE?
 08 10 18 04 11 44	22.99	24.18	PRE?
 08 10 18 04 12 44	22.97	24.18	PRE?
 08 10 18 04 13 44	22.96	24.21	PRE?
 08 10 18 04 14 44	22.95	24.16	PRE?
 08 10 18 04 15 44	22.96	24.18	PRE?
 08 10 18 04 16 44	22.96	24.18	PRE?
 08 10 18 04 17 44	22.97	24.17	PRE?
 08 10 18 04 18 44	22.96	24.20	PRE?
 08 10 18 04 19 44	22.97	24.17	PRE?
 08 10 18 04 20 44	22.99	24.18	PRE?
 08 10 18 04 21 44	22.98	24.20	PRE?
 08 10 18 04 22 44	22.98	24.21	PRE?
 08 10 18 04 23 44	22.99	24.18	PRE?
 08 10 18 04 24 44	22.95	24.18	PRE?
 08 10 18 04 25 44	22.98	24.21	PRE?
 08 10 18 04 26 44	22.96	24.17	PRE?
 08 10 18 04 27 44	22.98	24.19	PRE?
 08 10 18 04 28 44	23.00	24.21	PRE?
 08 10 18 04 29 44	22.98	24.24	PRE?
 08 10 18 04 30 44	22.98	24.20	PRE?
 08 10 18 04 31 44	22.98	24.15	PRE?
 08 10 18 04 32 44	22.96	24.18	PRE?
 08 10 18 04 33 44	22.96	24.16	PRE?
 08 10 18 04 34 44	22.99	24.21	PRE?
 08 10 18 04 35 43	23.00	24.17	PRE?
 08 10 18 04 36 44	22.98	24.19	PRE?
 08 10 18 04 37 44	22.98	24.18	PRE?
 08 10 18 04 37 44	22.98	24.19	PRE?
 08 10 18 04 38 44	22.97	24.19	PRE?
 08 10 18 04 40 43	22.98	24.18	PRE?
 08 10 18 04 40 44	22.98	24.18	PRE?
 08 10 18 04 41 44	22.99	24.20	PRE?
 08 10 18 04 42 44	22.98	24.18	PRE?
 08 10 18 04 43 44	22.98	24.20	PRE?
 08 10 18 04 44 44	22.95	24.21	PRE?
 08 10 18 04 45 44	22.98	24.21	PRE?
 08 10 18 04 46 44	22.95	24.18	PRE?
 08 10 18 04 47 44	22.97	24.20	PRE?
 08 10 18 04 48 44	22.99	24.19	PRE?
 08 10 18 04 49 44	22.97	24.21	PRE?
 08 10 18 04 50 44	22.96	24.19	PRE?
 08 10 18 04 51 44	22.99	24.22	PRE?
 08 10 18 04 52 44	22.96	24.22	PRE?
 08 10 18 04 53 44	22.97	24.23	PRE?
 08 10 18 04 54 44	22.97	24.21	PRE?
 08 10 18 04 55 44	22.97	24.18	PRE?
 08 10 18 04 56 44	22.99	24.17	PRE?
 08 10 18 04 57 44	22.96	24.17	PRE?
 08 10 18 04 58 44	23.00	24.18	PRE?
 08 10 18 04 59 44	22.97	24.19	PRE?
 08 10 18 05 00 44	22.99	24.25	PRE?
 08 10 18 05 01 44	22.97	24.19	PRE?
 08 10 18 05 02 44	22.96	24.17	PRE?
 08 10 18 05 03 44	22.95	24.20	PRE?
 08 10 18 05 04 44	22.98	24.19	PRE?
 08 10 18 05 05 44	22.97	24.19	PRE?
 08 10 18 05 06 44	22.96	24.19	PRE?
 08 10 18 05 07 44	22.97	24.18	PRE?
 08 10 18 05 08 44	22.99	24.18	PRE?
 08 10 18 05 09 44	22.98	24.21	PRE?
 08 10 18 05 10 44	22.96	24.19	PRE?
 08 10 18 05 11 44	22.98	24.17	PRE?
 08 10 18 05 12 44	22.98	24.21	PRE?
 08 10 18 05 13 44	22.99	24.18	PRE?
 08 10 18 05 14 44	23.01	24.20	PRE?
 08 10 18 05 15 44	22.99	24.22	PRE?
 08 10 18 05 16 44	22.97	24.23	PRE?
 08 10 18 05 17 44	23.00	24.18	PRE?
 08 10 18 05 18 44	23.01	24.19	PRE?
 08 10 18 05 19 44	23.02	24.17	PRE?
 08 10 18 05 20 44	23.02	24.23	PRE?
 08 10 18 05 21 44	22.97	24.19	PRE?
 08 10 18 05 22 44	22.97	24.17	PRE?
 08 10 18 05 23 44	22.99	24.20	PRE?
 08 10 18 05 24 44	22.99	24.20	PRE?
 08 10 18 05 25 44	22.97	24.19	PRE?
 08 10 18 05 26 44	22.96	24.20	PRE?
 08 10 18 05 27 44	22.97	24.18	PRE?
 08 10 18 05 28 44	22.97	24.18	PRE?
 08 10 18 05 29 44	22.99	24.19	PRE?
 08 10 18 05 30 44	22.99	24.20	PRE?
 08 10 18 05 31 44	22.97	24.18	PRE?
 08 10 18 05 32 44	22.96	24.18	PRE?
 08 10 18 05 33 44	22.96	24.17	PRE?
 08 10 18 05 34 44	22.95	24.18	PRE?
 08 10 18 05 35 44	22.96	24.14	PRE?
 08 10 18 05 36 44	22.98	24.22	PRE?
 08 10 18 05 37 44	22.98	24.17	PRE?
 08 10 18 05 38 44	22.95	24.18	PRE?
 08 10 18 05 39 44	22.97	24.18	PRE?
 08 10 18 05 40 44	22.99	24.18	PRE?
 08 10 18 05 41 44	22.99	24.21	PRE?
 08 10 18 05 42 44	22.98	24.18	PRE?
 08 10 18 05 43 44	22.95	24.20	PRE?
 08 10 18 05 44 44	22.99	24.22	PRE?
 08 10 18 05 45 44	23.01	24.21	PRE?
 08 10 18 05 46 44	22.97	24.16	PRE?
 08 10 18 05 47 44	22.97	24.20	PRE?
 08 10 18 05 48 44	22.97	24.21	PRE?
 08 10 18 05 49 44	22.97	24.20	PRE?
 08 10 18 05 50 44	22.98	24.20	PRE?
 08 10 18 05 51 44	22.95	24.20	PRE?
 08 10 18 05 52 44	22.98	24.19	PRE?
 08 10 18 05 53 44	23.02	24.21	PRE?
 08 10 18 05 54 44	22.98	24.21	PRE?
 08 10 18 05 55 44	22.99	24.21	PRE?
 08 10 18 05 56 44	22.97	24.18	PRE?
 08 10 18 05 57 44	22.98	24.18	PRE?
 08 10 18 05 58 44	22.97	24.19	PRE?
 08 10 18 05 59 44	23.02	24.20	PRE?
 08 10 18 06 00 44	22.99	24.18	PRE?
 08 10 18 06 01 44	23.00	24.22	PRE?
 08 10 18 06 02 44	23.00	24.21	PRE?
 08 10 18 06 03 44	22.99	24.20	PRE?
 08 10 18 06 04 44	22.97	24.22	PRE?
 08 10 18 06 05 44	22.96	24.21	PRE?
 08 10 18 06 06 44	22.96	24.17	PRE?
 08 10 18 06 07 44	22.96	24.18	PRE?
 08 10 18 06 08 44	23.01	24.18	PRE?
 08 10 18 06 09 44	22.95	24.21	PRE?
 08 10 18 06 10 44	22.99	24.21	PRE?
 08 10 18 06 11 44	22.99	24.16	PRE?
 08 10 18 06 12 44	22.99	24.18	PRE?
 08 10 18 06 13 44	22.98	24.17	PRE?
 08 10 18 06 14 44	22.97	24.18	PRE?
 08 10 18 06 15 44	22.98	24.18	PRE?
 08 10 18 06 16 44	23.01	24.19	PRE?
 08 10 18 06 17 44	22.99	24.17	PRE?
 08 10 18 06 18 44	22.97	24.19	PRE?
 08 10 18 06 19 44	22.99	24.20	PRE?
 08 10 18 06 20 44	23.00	24.18	PRE?
 08 10 18 06 21 44	23.00	24.19	PRE?
 08 10 18 06 22 44	23.00	24.20	PRE?
 08 10 18 06 23 44	22.96	24.16	PRE?
 08 10 18 06 24 44	22.96	24.19	PRE?
 08 10 18 06 25 44	23.01	24.22	PRE?
 08 10 18 06 26 43	23.01	24.23	PRE?
 08 10 18 06 27 44	22.97	24.18	PRE?
 08 10 18 06 28 44	22.98	24.17	PRE?
 08 10 18 06 28 44	22.98	24.17	PRE?
 08 10 18 06 30 43	22.97	24.16	PRE?
 08 10 18 06 31 44	22.99	24.17	PRE?
 08 10 18 06 32 44	22.96	24.15	PRE?
 08 10 18 06 33 44	23.00	24.21	PRE?
 08 10 18 06 34 44	22.97	24.18	PRE?
 08 10 18 06 35 44	22.97	24.19	PRE?
 08 10 18 06 36 44	22.98	24.14	PRE?
 08 10 18 06 37 44	22.98	24.18	PRE?
 08 10 18 06 38 44	22.99	24.14	PRE?
 08 10 18 06 39 44	22.99	24.17	PRE?
 08 10 18 06 40 44	22.99	24.18	PRE?
 08 10 18 06 41 44	22.99	24.18	PRE?
 08 10 18 06 42 44	22.99	24.22	PRE?
 08 10 18 06 43 44	22.99	24.20	PRE?
 08 10 18 06 44 44	22.99	24.20	PRE?
 08 10 18 06 45 44	22.97	24.22	PRE?
 08 10 18 06 46 44	22.98	24.19	PRE?
 08 10 18 06 47 44	22.99	24.21	PRE?
 08 10 18 06 48 44	22.96	24.17	PRE?
 08 10 18 06 49 44	23.01	24.20	PRE?
 08 10 18 06 50 44	22.96	24.17	PRE?
 08 10 18 06 51 44	23.00	24.20	PRE?
 08 10 18 06 52 44	22.97	24.19	PRE?
 08 10 18 06 53 44	23.00	24.21	PRE?
 08 10 18 06 54 44	22.99	24.17	PRE?
 08 10 18 06 55 44	23.01	24.17	PRE?
 08 10 18 06 56 44	23.00	24.16	PRE?
 08 10 18 06 57 44	22.97	24.17	PRE?
 08 10 18 06 58 44	22.97	24.15	PRE?
 08 10 18 06 59 44	22.97	24.18	PRE?
 08 10 18 07 00 44	23.00	24.24	PRE?
 08 10 18 07 01 44	22.96	24.17	PRE?
 08 10 18 07 02 44	22.98	24.19	PRE?
 08 10 18 07 03 44	22.99	24.16	PRE?
 08 10 18 07 04 44	22.98	24.20	PRE?
 08 10 18 07 05 44	22.99	24.18	PRE?
 08 10 18 07 06 44	22.96	24.19	PRE?
 08 10 18 07 07 44	22.97	24.20	PRE?
 08 10 18 07 08 44	22.99	24.16	PRE?
 08 10 18 07 09 44	22.98	24.18	PRE?
 08 10 18 07 10 44	22.98	24.20	PRE?
 08 10 18 07 11 44	22.99	24.17	PRE?
 08 10 18 07 12 44	22.98	24.19	PRE?
 08 10 18 07 13 44	22.97	24.18	PRE?
 08 10 18 07 14 44	22.97	24.18	PRE?
 08 10 18 07 15 44	22.98	24.17	PRE?
 08 10 18 07 16 44	22.97	24.19	PRE?
 08 10 18 07 17 44	22.98	24.17	PRE?
 08 10 18 07 18 44	22.94	24.17	PRE?
 08 10 18 07 19 44	22.97	24.19	PRE?
 08 10 18 07 20 44	22.98	24.18	PRE?
 08 10 18 07 21 44	22.98	24.21	PRE?
 08 10 18 07 22 44	23.00	24.22	PRE?
 08 10 18 07 23 44	22.97	24.17	PRE?
 08 10 18 07 24 44	22.95	24.17	PRE?
 08 10 18 07 25 44	22.96	24.17	PRE?
 08 10 18 07 26 44	22.99	24.20	PRE?
 08 10 18 07 27 44	22.98	24.19	PRE?
 08 10 18 07 28 44	22.99	24.19	PRE?
 08 10 18 07 29 44	22.96	24.17	PRE?
 08 10 18 07 30 44	22.97	24.19	PRE?
 08 10 18 07 31 44	22.96	24.21	PRE?
 08 10 18 07 32 44	22.99	24.18	PRE?
 08 10 18 07 33 44	22.98	24.21	PRE?
 08 10 18 07 34 44	22.98	24.17	PRE?
 08 10 18 07 35 44	22.96	24.17	PRE?
 08 10 18 07 36 44	22.97	24.19	PRE?
 08 10 18 07 37 44	22.99	24.17	PRE?
 08 10 18 07 38 44	22.96	24.15	PRE?
 08 10 18 07 39 44	22.97	24.17	PRE?
 08 10 18 07 40 44	22.96	24.19	PRE?
 08 10 18 07 41 44	22.96	24.18	PRE?
 08 10 18 07 42 44	22.96	24.21	PRE?
 08 10 18 07 43 44	22.97	24.20	PRE?
 08 10 18 07 44 44	22.95	24.14	PRE?
 08 10 18 07 45 44	22.97	24.19	PRE?
 08 10 18 07 46 44	22.96	24.15	PRE?
 08 10 18 07 47 44	22.95	24.19	PRE?
 08 10 18 07 48 44	22.97	24.18	PRE?
 08 10 18 07 49 44	22.97	24.18	PRE?
 08 10 18 07 50 44	23.00	24.19	PRE?
 08 10 18 07 51 44	23.01	24.18	PRE?
 08 10 18 07 52 44	23.00	24.22	PRE?
 08 10 18 07 53 44	22.99	24.19	PRE?
 08 10 18 07 54 44	22.97	24.19	PRE?
 08 10 18 07 55 44	22.99	24.17	PRE?
 08 10 18 07 56 44	22.97	24.16	PRE?
 08 10 18 07 57 44	22.97	24.18	PRE?
 08 10 18 07 58 44	23.00	24.21	PRE?
 08 10 18 07 59 44	22.97	24.19	PRE?
 08 10 18 08 00 44	22.98	24.20	PRE?
 08 10 18 08 01 44	22.97	24.18	PRE?
 08 10 18 08 02 44	23.00	24.17	PRE?
 08 10 18 08 03 44	22.98	24.14	PRE?
 08 10 18 08 04 44	23.00	24.17	PRE?
 08 10 18 08 05 44	22.99	24.18	PRE?
 08 10 18 08 06 44	22.99	24.17	PRE?
 08 10 18 08 07 44	22.98	24.16	PRE?
 08 10 18 08 08 44	22.98	24.19	PRE?
 08 10 18 08 09 44	22.97	24.17	PRE?
 08 10 18 08 10 44	22.98	24.20	PRE?
 08 10 18 08 11 44	22.99	24.17	PRE?
 08 10 18 08 12 44	22.98	24.20	PRE?
 08 10 18 08 13 44	22.97	24.18	PRE?
 08 10 18 08 14 44	22.95	24.19	PRE?
 08 10 18 08 15 44	22.96	24.16	PRE?
 08 10 18 08 16 44	22.95	24.19	PRE?
 08 10 18 08 17 43	22.96	24.20	PRE?
 08 10 18 08 18 44	22.97	24.20	PRE?
 08 10 18 08 19 44	22.99	24.19	PRE?
 08 10 18 08 21 43	22.99	24.16	PRE?
 08 10 18 08 21 44	22.98	24.16	PRE?
 08 10 18 08 22 44	22.96	24.17	PRE?
 08 10 18 08 23 44	22.96	24.14	PRE?
 08 10 18 08 24 44	22.96	24.18	PRE?
 08 10 18 08 25 44	22.96	24.17	PRE?
 08 10 18 08 26 44	22.97	24.14	PRE?
 08 10 18 08 27 44	22.98	24.22	PRE?
 08 10 18 08 28 44	22.97	24.18	PRE?
 08 10 18 08 29 44	22.98	24.18	PRE?
 08 10 18 08 30 44	22.97	24.19	PRE?
 08 10 18 08 31 44	22.97	24.19	PRE?
 08 10 18 08 32 44	22.96	24.14	PRE?
 08 10 18 08 33 44	22.95	24.17	PRE?
 08 10 18 08 34 44	22.97	24.24	PRE?
 08 10 18 08 35 44	22.98	24.17	PRE?
 08 10 18 08 36 44	22.97	24.17	PRE?
 08 10 18 08 37 44	22.98	24.21	PRE?
 08 10 18 08 38 44	22.98	24.17	PRE?
 08 10 18 08 39 44	22.97	24.18	PRE?
 08 10 18 08 40 44	22.96	24.17	PRE?
 08 10 18 08 41 44	22.96	24.18	PRE?
 08 10 18 08 42 44	22.97	24.17	PRE?
 08 10 18 08 43 44	22.95	24.16	PRE?
 08 10 18 08 44 44	22.93	24.16	PRE?
 08 10 18 08 45 44	22.95	24.20	PRE?
 08 10 18 08 46 44	22.95	24.18	PRE?
 08 10 18 08 47 44	22.96	24.15	PRE?
 08 10 18 08 48 44	22.95	24.19	PRE?
 08 10 18 08 49 44	22.97	24.14	PRE?
 08 10 18 08 50 44	22.96	24.18	PRE?
 08 10 18 08 51 44	22.96	24.20	PRE?
 08 10 18 08 52 44	22.95	24.19	PRE?
 08 10 18 08 53 44	22.98	24.18	PRE?
 08 10 18 08 54 44	22.97	24.20	PRE?
 08 10 18 08 55 44	22.96	24.20	PRE?
 08 10 18 08 56 44	22.96	24.14	PRE?
 08 10 18 08 57 44	22.98	24.21	PRE?
 08 10 18 08 58 44	22.97	24.16	PRE?
 08 10 18 08 59 44	22.94	24.17	PRE?
 08 10 18 09 00 44	22.95	24.18	PRE?
 08 10 18 09 01 44	22.96	24.15	PRE?
 08 10 18 09 02 44	22.93	24.18	PRE?
 08 10 18 09 03 44	22.97	24.19	PRE?
 08 10 18 09 04 44	22.99	24.20	PRE?
 08 10 18 09 05 44	22.94	24.17	PRE?
 08 10 18 09 06 44	22.94	24.15	PRE?
 08 10 18 09 07 44	22.97	24.16	PRE?
 08 10 18 09 08 44	22.95	24.16	PRE?
 08 10 18 09 09 44	22.92	24.16	PRE?
 08 10 18 09 10 44	22.97	24.14	PRE?
 08 10 18 09 11 44	22.98	24.16	PRE?
 08 10 18 09 12 44	22.97	24.21	PRE?
 08 10 18 09 13 44	22.97	24.18	PRE?
 08 10 18 09 14 44	22.98	24.17	PRE?
 08 10 18 09 15 44	22.96	24.15	PRE?
 08 10 18 09 16 44	22.98	24.16	PRE?
 08 10 18 09 17 44	22.98	24.16	PRE?
 08 10 18 09 18 44	22.93	24.17	PRE?
 08 10 18 09 19 44	22.93	24.12	PRE?
 08 10 18 09 20 44	22.97	24.17	PRE?
 08 10 18 09 21 44	22.94	24.14	PRE?
 08 10 18 09 22 44	22.98	24.16	PRE?
 08 10 18 09 23 44	22.97	24.19	PRE?
 08 10 18 09 24 44	22.97	24.15	PRE?
 08 10 18 09 25 44	22.98	24.16	PRE?
 08 10 18 09 26 44	22.98	24.17	PRE?
 08 10 18 09 27 44	22.96	24.18	PRE?
 08 10 18 09 28 44	22.99	24.17	PRE?
 08 10 18 09 29 44	22.94	24.14	PRE?
 08 10 18 09 30 44	22.97	24.17	PRE?
 08 10 18 09 31 44	22.97	24.19	PRE?
 08 10 18 09 32 44	22.97	24.21	PRE?
 08 10 18 09 33 44	22.95	24.19	PRE?
 08 10 18 09 34 44	22.94	24.17	PRE?
 08 10 18 09 35 44	22.97	24.19	PRE?
 08 10 18 09 36 44	22.97	24.18	PRE?
 08 10 18 09 37 44	22.96	24.17	PRE?
 08 10 18 09 38 44	22.95	24.23	PRE?
 08 10 18 09 39 44	22.98	24.20	PRE?
 08 10 18 09 40 44	22.95	24.17	PRE?
 08 10 18 09 41 44	22.95	24.16	PRE?
 08 10 18 09 42 44	22.94	24.18	PRE?
 08 10 18 09 43 44	22.97	24.17	PRE?
 08 10 18 09 44 44	22.96	24.17	PRE?
 08 10 18 09 45 44	22.96	24.18	PRE?
 08 10 18 09 46 44	22.97	24.17	PRE?
 08 10 18 09 47 44	22.95	24.18	PRE?
 08 10 18 09 48 44	22.95	24.14	PRE?
 08 10 18 09 49 44	22.95	24.19	PRE?
 08 10 18 09 50 44	22.95	24.19	PRE?
 08 10 18 09 51 44	22.96	24.15	PRE?
 08 10 18 09 52 44	22.97	24.15	PRE?
 08 10 18 09 53 44	22.96	24.16	PRE?
 08 10 18 09 54 44	22.99	24.20	PRE?
 08 10 18 09 55 44	22.95	24.18	PRE?
 08 10 18 09 56 44	22.99	24.20	PRE?
 08 10 18 09 57 44	22.97	24.20	PRE?
 08 10 18 09 58 44	22.94	24.19	PRE?
 08 10 18 09 59 44	22.95	24.16	PRE?
 08 10 18 10 00 44	22.97	24.15	PRE?
 08 10 18 10 01 44	22.96	24.17	PRE?
 08 10 18 10 02 44	22.96	24.17	PRE?
 08 10 18 10 03 44	22.94	24.15	PRE?
 08 10 18 10 04 44	22.94	24.17	PRE?
 08 10 18 10 05 44	22.97	24.17	PRE?
 08 10 18 10 06 44	22.94	24.16	PRE?
 08 10 18 10 07 43	22.97	24.18	PRE?
 08 10 18 10 08 44	22.96	24.17	PRE?
 08 10 18 10 09 44	22.96	24.14	PRE?
 08 10 18 10 09 44	22.96	24.14	PRE?
 08 10 18 10 10 44	22.95	24.15	PRE?
 08 10 18 10 12 44	22.97	24.13	PRE?
 08 10 18 10 13 44	22.97	24.19	PRE?
 08 10 18 10 14 44	22.98	24.17	PRE?
 08 10 18 10 15 44	22.97	24.16	PRE?
 08 10 18 10 16 44	22.96	24.16	PRE?
 08 10 18 10 17 44	22.96	24.16	PRE?
 08 10 18 10 18 44	22.99	24.20	PRE?
 08 10 18 10 19 44	22.96	24.15	PRE?
 08 10 18 10 20 44	22.98	24.15	PRE?
 08 10 18 10 21 44	22.95	24.15	PRE?
 08 10 18 10 22 44	22.96	24.17	PRE?
 08 10 18 10 23 44	22.96	24.18	PRE?
 08 10 18 10 24 44	22.96	24.16	PRE?
 08 10 18 10 25 44	22.97	24.16	PRE?
 08 10 18 10 26 44	22.97	24.18	PRE?
 08 10 18 10 27 44	22.97	24.14	PRE?
 08 10 18 10 28 44	22.95	24.17	PRE?
 08 10 18 10 29 44	22.96	24.14	PRE?
 08 10 18 10 30 44	22.95	24.18	PRE?
 08 10 18 10 31 44	22.95	24.19	PRE?
 08 10 18 10 32 44	22.97	24.21	PRE?
 08 10 18 10 33 44	22.96	24.15	PRE?
 08 10 18 10 34 44	22.99	24.16	PRE?
 08 10 18 10 35 44	22.95	24.15	PRE?
 08 10 18 10 36 44	22.98	24.21	PRE?
 08 10 18 10 37 44	22.96	24.16	PRE?
 08 10 18 10 38 44	22.97	24.14	PRE?
 08 10 18 10 39 44	22.97	24.17	PRE?
 08 10 18 10 40 44	22.97	24.19	PRE?
 08 10 18 10 41 44	22.97	24.19	PRE?
 08 10 18 10 42 44	22.97	24.21	PRE?
 08 10 18 10 43 44	22.99	24.20	PRE?
 08 10 18 10 44 44	22.97	24.18	PRE?
 08 10 18 10 45 44	22.97	24.19	PRE?
 08 10 18 10 46 44	22.97	24.20	PRE?
 08 10 18 10 47 44	22.94	24.20	PRE?
 08 10 18 10 48 44	22.99	24.19	PRE?
 08 10 18 10 49 44	22.96	24.17	PRE?
 08 10 18 10 50 44	22.96	24.18	PRE?
 08 10 18 10 51 44	22.96	24.18	PRE?
 08 10 18 10 52 44	22.97	24.18	PRE?
 08 10 18 10 53 44	22.98	24.16	PRE?
 08 10 18 10 54 44	22.97	24.18	PRE?
 08 10 18 10 55 44	22.97	24.19	PRE?
 08 10 18 10 56 44	22.99	24.18	PRE?
 08 10 18 10 57 44	22.99	24.19	PRE?
 08 10 18 10 58 44	22.94	24.18	PRE?
 08 10 18 10 59 44	23.00	24.21	PRE?
 08 10 18 11 00 44	22.98	24.19	PRE?
 08 10 18 11 01 44	22.99	24.21	PRE?
 08 10 18 11 02 44	22.99	24.14	PRE?
 08 10 18 11 03 44	22.96	24.16	PRE?
 08 10 18 11 04 44	22.99	24.17	PRE?
 08 10 18 11 05 44	22.97	24.17	PRE?
 08 10 18 11 06 44	22.97	24.18	PRE?
 08 10 18 11 07 44	22.96	24.17	PRE?
 08 10 18 11 08 44	22.95	24.15	PRE?
 08 10 18 11 09 44	22.98	24.21	PRE?
 08 10 18 11 10 44	22.95	24.18	PRE?
 08 10 18 11 11 44	22.96	24.17	PRE?
 08 10 18 11 12 44	22.96	24.17	PRE?
 08 10 18 11 13 44	22.97	24.18	PRE?
 08 10 18 11 14 44	22.96	24.18	PRE?
 08 10 18 11 15 44	23.00	24.18	PRE?
 08 10 18 11 16 44	22.96	24.23	PRE?
 08 10 18 11 17 44	22.96	24.17	PRE?
 08 10 18 11 18 44	22.95	24.18	PRE?
 08 10 18 11 19 44	22.98	24.19	PRE?
 08 10 18 11 20 44	22.96	24.17	PRE?
 08 10 18 11 21 44	22.98	24.17	PRE?
 08 10 18 11 22 44	22.96	24.17	PRE?
 08 10 18 11 23 44	22.95	24.17	PRE?
 08 10 18 11 24 44	22.96	24.19	PRE?
 08 10 18 11 25 44	22.95	24.20	PRE?
 08 10 18 11 26 44	22.98	24.19	PRE?
 08 10 18 11 27 44	22.96	24.20	PRE?
 08 10 18 11 28 44	22.95	24.22	PRE?
 08 10 18 11 29 44	22.97	24.17	PRE?
 08 10 18 11 30 44	22.95	24.19	PRE?
 08 10 18 11 31 44	22.99	24.21	PRE?
 08 10 18 11 32 44	22.99	24.20	PRE?
 08 10 18 11 33 44	22.97	24.19	PRE?
 08 10 18 11 34 44	22.95	24.16	PRE?
 08 10 18 11 35 44	22.97	24.20	PRE?
 08 10 18 11 36 44	22.97	24.18	PRE?
 08 10 18 11 37 44	22.98	24.18	PRE?
 08 10 18 11 38 44	22.98	24.20	PRE?
 08 10 18 11 39 44	22.98	24.20	PRE?
 08 10 18 11 40 44	22.97	24.17	PRE?
 08 10 18 11 41 44	23.00	24.19	PRE?
 08 10 18 11 42 44	22.99	24.20	PRE?
 08 10 18 11 43 44	22.97	24.20	PRE?
 08 10 18 11 44 44	22.97	24.17	PRE?
 08 10 18 11 45 44	22.95	24.15	PRE?
 08 10 18 11 46 44	22.94	24.17	PRE?
 08 10 18 11 47 44	22.99	24.15	PRE?
 08 10 18 11 48 44	22.96	24.20	PRE?
 08 10 18 11 49 44	22.98	24.21	PRE?
 08 10 18 11 50 44	22.99	24.13	PRE?
 08 10 18 11 51 44	22.97	24.22	PRE?
 08 10 18 11 52 44	22.98	24.25	PRE?
 08 10 18 11 53 44	22.97	24.17	PRE?
 08 10 18 11 54 44	22.96	24.19	PRE?
 08 10 18 11 55 44	22.96	24.17	PRE?
 08 10 18 11 56 44	22.97	24.18	PRE?
 08 10 18 11 57 44	22.99	24.19	PRE?
 08 10 18 11 58 43	22.96	24.19	PRE?
 08 10 18 11 59 44	22.98	24.19	PRE?
 08 10 18 12 00 44	22.97	24.23	PRE?
 08 10 18 12 02 43	22.98	24.19	PRE?
 08 10 18 12 02 44	22.98	24.19	PRE?
 08 10 18 12 03 44	23.00	24.22	PRE?
 08 10 18 12 04 44	22.98	24.19	PRE?
 08 10 18 12 05 44	22.96	24.16	PRE?
 08 10 18 12 06 44	22.95	24.20	PRE?
 08 10 18 12 07 44	22.97	24.16	PRE?
 08 10 18 12 08 44	22.97	24.19	PRE?
 08 10 18 12 09 44	22.95	24.17	PRE?
 08 10 18 12 10 44	22.98	24.18	PRE?
 08 10 18 12 11 44	22.96	24.16	PRE?
 08 10 18 12 12 44	22.97	24.19	PRE?
 08 10 18 12 13 44	22.98	24.16	PRE?
 08 10 18 12 14 44	22.97	24.16	PRE?
 08 10 18 12 15 44	22.99	24.18	PRE?
 08 10 18 12 16 44	22.99	24.21	PRE?
 08 10 18 12 17 44	22.95	24.16	PRE?
 08 10 18 12 18 44	22.97	24.19	PRE?
 08 10 18 12 19 44	22.96	24.16	PRE?
 08 10 18 12 20 44	22.97	24.15	PRE?
 08 10 18 12 21 44	22.96	24.15	PRE?
 08 10 18 12 22 44	22.97	24.19	PRE?
 08 10 18 12 23 44	22.99	24.16	PRE?
 08 10 18 12 24 44	22.97	24.18	PRE?
 08 10 18 12 25 44	22.97	24.15	PRE?
 08 10 18 12 26 44	22.97	24.18	PRE?
 08 10 18 12 27 44	22.99	24.17	PRE?
 08 10 18 12 28 44	22.95	24.15	PRE?
 08 10 18 12 29 44	22.97	24.17	PRE?
 08 10 18 12 30 44	22.99	24.17	PRE?
 08 10 18 12 31 44	22.99	24.18	PRE?
 08 10 18 12 32 44	22.98	24.17	PRE?
 08 10 18 12 33 44	22.99	24.18	PRE?
 08 10 18 12 34 44	22.95	24.18	PRE?
 08 10 18 12 35 44	22.97	24.14	PRE?
 08 10 18 12 36 44	22.95	24.17	PRE?
 08 10 18 12 37 44	22.97	24.18	PRE?
 08 10 18 12 38 44	22.95	24.15	PRE?
 08 10 18 12 39 44	22.99	24.15	PRE?
 08 10 18 12 40 44	22.97	24.21	PRE?
 08 10 18 12 41 44	22.96	24.16	PRE?
 08 10 18 12 42 44	22.97	24.17	PRE?
 08 10 18 12 43 44	22.95	24.18	PRE?
 08 10 18 12 44 44	22.96	24.16	PRE?
 08 10 18 12 45 44	22.98	24.16	PRE?
 08 10 18 12 46 44	22.98	24.17	PRE?
 08 10 18 12 47 44	22.96	24.18	PRE?
 08 10 18 12 48 44	22.96	24.16	PRE?
 08 10 18 12 49 44	22.98	24.18	PRE?
 08 10 18 12 50 44	22.95	24.18	PRE?
 08 10 18 12 51 44	22.95	24.18	PRE?
 08 10 18 12 52 44	22.97	24.16	PRE?
 08 10 18 12 53 44	22.96	24.16	PRE?
 08 10 18 12 54 44	22.95	24.15	PRE?
 08 10 18 12 55 44	22.95	24.15	PRE?
 08 10 18 12 56 44	22.96	24.17	PRE?
 08 10 18 12 57 44	22.96	24.18	PRE?
 08 10 18 12 58 44	22.94	24.18	PRE?
 08 10 18 12 59 44	22.99	24.16	PRE?
 08 10 18 13 00 44	22.99	24.20	PRE?
 08 10 18 13 01 44	22.97	24.16	PRE?
 08 10 18 13 02 44	22.96	24.19	PRE?
 08 10 18 13 03 44	22.95	24.17	PRE?
 08 10 18 13 04 44	22.96	24.18	PRE?
 08 10 18 13 05 44	22.99	24.20	PRE?
 08 10 18 13 06 44	22.96	24.18	PRE?
 08 10 18 13 07 44	22.94	24.19	PRE?
 08 10 18 13 08 44	22.95	24.22	PRE?
 08 10 18 13 09 44	22.95	24.17	PRE?
 08 10 18 13 10 44	22.95	24.15	PRE?
 08 10 18 13 11 44	22.96	24.19	PRE?
 08 10 18 13 12 44	22.97	24.17	PRE?
 08 10 18 13 13 44	22.97	24.19	PRE?
 08 10 18 13 14 44	22.95	24.15	PRE?
 08 10 18 13 15 44	22.94	24.18	PRE?
 08 10 18 13 16 44	22.96	24.17	PRE?
 08 10 18 13 17 44	22.94	24.17	PRE?
 08 10 18 13 18 44	22.94	24.17	PRE?
 08 10 18 13 19 44	22.96	24.16	PRE?
 08 10 18 13 20 44	22.93	24.14	PRE?
 08 10 18 13 21 44	22.95	24.16	PRE?
 08 10 18 13 22 44	22.96	24.19	PRE?
 08 10 18 13 23 44	22.96	24.18	PRE?
 08 10 18 13 24 44	22.95	24.19	PRE?
 08 10 18 13 25 44	22.92	24.18	PRE?
 08 10 18 13 26 44	22.95	24.20	PRE?
 08 10 18 13 27 44	22.96	24.15	PRE?
 08 10 18 13 28 44	22.96	24.18	PRE?
 08 10 18 13 29 44	22.94	24.15	PRE?
 08 10 18 13 30 44	22.95	24.16	PRE?
 08 10 18 13 31 44	22.93	24.16	PRE?
 08 10 18 13 32 44	22.95	24.20	PRE?
 08 10 18 13 33 44	22.94	24.17	PRE?
 08 10 18 13 34 44	22.96	24.19	PRE?
 08 10 18 13 35 44	22.94	24.14	PRE?
 08 10 18 13 36 44	22.97	24.20	PRE?
 08 10 18 13 37 44	22.92	24.20	PRE?
 08 10 18 13 38 44	22.96	24.19	PRE?
 08 10 18 13 39 44	22.94	24.16	PRE?
 08 10 18 13 40 44	22.94	24.17	PRE?
 08 10 18 13 41 44	22.96	24.20	PRE?
 08 10 18 13 42 44	22.92	24.14	PRE?
 08 10 18 13 43 44	22.94	24.14	PRE?
 08 10 18 13 44 44	22.96	24.16	PRE?
 08 10 18 13 45 44	22.93	24.16	PRE?
 08 10 18 13 46 44	22.93	24.17	PRE?
 08 10 18 13 47 44	22.92	24.13	PRE?
 08 10 18 13 48 43	22.93	24.17	PRE?
 08 10 18 13 49 43	22.93	24.21	PRE?
 08 10 18 13 50 44	22.93	24.17	PRE?
 08 10 18 13 50 44	22.93	24.17	PRE?
 08 10 18 13 51 44	22.92	24.17	PRE?
 08 10 18 13 53 44	22.96	24.19	PRE?
 08 10 18 13 54 44	22.96	24.17	PRE?
 08 10 18 13 55 44	22.96	24.15	PRE?
 08 10 18 13 56 44	22.92	24.18	PRE?
 08 10 18 13 57 44	22.94	24.15	PRE?
 08 10 18 13 58 44	22.92	24.13	PRE?
 08 10 18 13 59 44	22.91	24.18	PRE?
 08 10 18 14 00 44	22.90	24.15	PRE?
 08 10 18 14 01 44	22.95	24.15	PRE?
 08 10 18 14 02 44	22.97	24.15	PRE?
 08 10 18 14 03 44	22.96	24.17	PRE?
 08 10 18 14 04 44	22.95	24.16	PRE?
 08 10 18 14 05 44	22.98	24.21	PRE?
 08 10 18 14 06 44	22.98	24.20	PRE?
 08 10 18 14 07 44	22.95	24.16	PRE?
 08 10 18 14 08 44	22.95	24.15	PRE?
 08 10 18 14 09 44	22.96	24.19	PRE?
 08 10 18 14 10 44	22.94	24.14	PRE?
 08 10 18 14 11 44	22.94	24.14	PRE?
 08 10 18 14 12 44	22.93	24.15	PRE?
 08 10 18 14 13 44	22.96	24.17	PRE?
 08 10 18 14 14 44	22.95	24.19	PRE?
 08 10 18 14 15 44	22.94	24.16	PRE?
 08 10 18 14 16 44	22.95	24.18	PRE?
 08 10 18 14 17 44	22.95	24.16	PRE?
 08 10 18 14 18 44	22.95	24.16	PRE?
 08 10 18 14 19 44	22.93	24.18	PRE?
 08 10 18 14 20 44	22.94	24.17	PRE?
 08 10 18 14 21 44	22.97	24.22	PRE?
 08 10 18 14 22 44	22.96	24.20	PRE?
 08 10 18 14 23 44	22.94	24.17	PRE?
 08 10 18 14 24 44	22.94	24.13	PRE?
 08 10 18 14 25 44	22.95	24.19	PRE?
 08 10 18 14 26 44	22.94	24.20	PRE?
 08 10 18 14 27 44	22.96	24.22	PRE?
 08 10 18 14 28 44	22.96	24.19	PRE?
 08 10 18 14 29 44	22.93	24.18	PRE?
 08 10 18 14 30 44	22.93	24.17	PRE?
 08 10 18 14 31 44	22.95	24.21	PRE?
 08 10 18 14 32 44	22.95	24.20	PRE?
 08 10 18 14 33 44	22.92	24.17	PRE?
 08 10 18 14 34 44	22.93	24.17	PRE?
 08 10 18 14 35 44	22.92	24.21	PRE?
 08 10 18 14 36 44	22.95	24.21	PRE?
 08 10 18 14 37 44	22.95	24.17	PRE?
 08 10 18 14 38 44	22.92	24.15	PRE?
 08 10 18 14 39 44	22.93	24.18	PRE?
 08 10 18 14 40 44	22.94	24.17	PRE?
 08 10 18 14 41 44	22.96	24.20	PRE?
 08 10 18 14 42 44	22.93	24.14	PRE?
 08 10 18 14 43 44	22.93	24.16	PRE?
 08 10 18 14 44 44	22.94	24.14	PRE?
 08 10 18 14 45 44	22.95	24.24	PRE?
 08 10 18 14 46 44	22.94	24.15	PRE?
 08 10 18 14 47 44	22.95	24.22	PRE?
 08 10 18 14 48 44	22.93	24.17	PRE?
 08 10 18 14 49 44	22.97	24.18	PRE?
 08 10 18 14 50 44	22.95	24.13	PRE?
 08 10 18 14 51 44	22.96	24.21	PRE?
 08 10 18 14 52 44	22.94	24.19	PRE?
 08 10 18 14 53 44	22.97	24.19	PRE?
 08 10 18 14 54 44	22.97	24.16	PRE?
 08 10 18 14 55 44	22.96	24.19	PRE?
 08 10 18 14 56 44	22.95	24.14	PRE?
 08 10 18 14 57 44	22.98	24.22	PRE?
 08 10 18 14 58 44	22.96	24.18	PRE?
 08 10 18 14 59 44	22.95	24.20	PRE?
 08 10 18 15 00 44	22.98	24.16	PRE?
 08 10 18 15 01 44	22.92	24.17	PRE?
 08 10 18 15 02 44	22.95	24.19	PRE?
 08 10 18 15 03 44	22.95	24.20	PRE?
 08 10 18 15 04 44	22.97	24.19	PRE?
 08 10 18 15 05 44	22.96	24.20	PRE?
 08 10 18 15 06 44	22.96	24.19	PRE?
 08 10 18 15 07 44	22.94	24.21	PRE?
 08 10 18 15 08 44	22.96	24.16	PRE?
 08 10 18 15 09 44	22.96	24.19	PRE?
 08 10 18 15 10 44	22.96	24.18	PRE?
 08 10 18 15 11 44	22.97	24.19	PRE?
 08 10 18 15 12 44	22.95	24.18	PRE?
 08 10 18 15 13 44	22.98	24.22	PRE?
 08 10 18 15 14 44	22.96	24.19	PRE?
 08 10 18 15 15 44	22.96	24.20	PRE?
 08 10 18 15 16 44	22.96	24.16	PRE?
 08 10 18 15 17 44	22.97	24.16	PRE?
 08 10 18 15 18 44	22.95	24.18	PRE?
 08 10 18 15 19 44	22.95	24.18	PRE?
 08 10 18 15 20 44	22.94	24.18	PRE?
 08 10 18 15 21 44	22.95	24.17	PRE?
 08 10 18 15 22 44	22.96	24.18	PRE?
 08 10 18 15 23 44	22.97	24.17	PRE?
 08 10 18 15 24 44	22.98	24.16	PRE?
 08 10 18 15 25 44	22.98	24.20	PRE?
 08 10 18 15 26 44	22.98	24.19	PRE?
 08 10 18 15 27 44	22.97	24.20	PRE?
 08 10 18 15 28 44	22.99	24.20	PRE?
 08 10 18 15 29 44	22.98	24.19	PRE?
 08 10 18 15 30 44	22.98	24.18	PRE?
 08 10 18 15 31 44	22.97	24.14	PRE?
 08 10 18 15 32 44	23.00	24.16	PRE?
 08 10 18 15 33 44	22.95	24.15	PRE?
 08 10 18 15 34 44	22.97	24.13	PRE?
 08 10 18 15 35 44	23.01	24.15	PRE?
 08 10 18 15 36 44	23.01	24.17	PRE?
 08 10 18 15 37 44	23.00	24.15	PRE?
 08 10 18 15 38 44	22.99	24.17	PRE?
 08 10 18 15 39 43	22.97	24.14	PRE?
 08 10 18 15 40 44	22.98	24.13	PRE?
 08 10 18 15 41 44	22.94	24.12	PRE?
 08 10 18 15 42 44	22.98	24.16	PRE?
 08 10 18 15 43 43	22.98	24.17	PRE?
 08 10 18 15 43 44	22.97	24.18	PRE?
 08 10 18 15 44 44	22.98	24.18	PRE?
 08 10 18 15 45 44	22.97	24.19	PRE?
 08 10 18 15 46 44	22.98	24.18	PRE?
 08 10 18 15 47 44	22.98	24.17	PRE?
 08 10 18 15 48 44	22.96	24.17	PRE?
 08 10 18 15 49 44	22.98	24.20	PRE?
 08 10 18 15 50 44	22.98	24.16	PRE?
 08 10 18 15 51 44	22.99	24.19	PRE?
 08 10 18 15 52 44	22.98	24.17	PRE?
 08 10 18 15 53 44	22.96	24.18	PRE?
 08 10 18 15 54 44	22.97	24.18	PRE?
 08 10 18 15 55 44	22.95	24.18	PRE?
 08 10 18 15 56 44	22.98	24.18	PRE?
 08 10 18 15 57 44	22.97	24.18	PRE?
 08 10 18 15 58 44	22.97	24.19	PRE?
 08 10 18 15 59 44	22.98	24.19	PRE?
 08 10 18 16 00 44	22.95	24.18	PRE?
 08 10 18 16 01 44	22.98	24.21	PRE?
 08 10 18 16 02 44	23.00	24.17	PRE?
 08 10 18 16 03 44	22.98	24.23	PRE?
 08 10 18 16 04 44	22.97	24.19	PRE?
 08 10 18 16 05 44	22.97	24.17	PRE?
 08 10 18 16 06 44	22.99	24.17	PRE?
 08 10 18 16 07 44	22.99	24.19	PRE?
 08 10 18 16 08 44	22.98	24.22	PRE?
 08 10 18 16 09 44	22.98	24.21	PRE?
 08 10 18 16 10 44	22.98	24.17	PRE?
 08 10 18 16 11 44	22.98	24.19	PRE?
 08 10 18 16 12 44	22.97	24.20	PRE?
 08 10 18 16 13 44	23.00	24.20	PRE?
 08 10 18 16 14 44	22.97	24.16	PRE?
 08 10 18 16 15 44	22.98	24.20	PRE?
 08 10 18 16 16 44	22.99	24.20	PRE?
 08 10 18 16 17 44	22.98	24.20	PRE?
 08 10 18 16 18 44	22.97	24.15	PRE?
 08 10 18 16 19 44	22.99	24.22	PRE?
 08 10 18 16 20 44	22.96	24.20	PRE?
 08 10 18 16 21 44	22.97	24.19	PRE?
 08 10 18 16 22 44	22.98	24.17	PRE?
 08 10 18 16 23 44	22.97	24.17	PRE?
 08 10 18 16 24 44	22.98	24.21	PRE?
 08 10 18 16 25 44	22.96	24.16	PRE?
 08 10 18 16 26 44	22.98	24.18	PRE?
 08 10 18 16 27 44	22.98	24.22	PRE?
 08 10 18 16 28 44	22.98	24.18	PRE?
 08 10 18 16 29 44	22.95	24.17	PRE?
 08 10 18 16 30 44	22.96	24.16	PRE?
 08 10 18 16 31 44	22.97	24.19	PRE?
 08 10 18 16 32 44	23.00	24.25	PRE?
 08 10 18 16 33 44	22.98	24.19	PRE?
 08 10 18 16 34 44	22.99	24.16	PRE?
 08 10 18 16 35 44	22.98	24.19	PRE?
 08 10 18 16 36 44	22.99	24.20	PRE?
 08 10 18 16 37 44	22.98	24.18	PRE?
 08 10 18 16 38 44	22.96	24.21	PRE?
 08 10 18 16 39 44	22.97	24.18	PRE?
 08 10 18 16 40 44	22.98	24.21	PRE?
 08 10 18 16 41 44	22.98	24.18	PRE?
 08 10 18 16 42 44	22.97	24.15	PRE?
 08 10 18 16 43 44	22.99	24.16	PRE?
 08 10 18 16 44 44	22.98	24.18	PRE?
 08 10 18 16 45 44	22.99	24.19	PRE?
 08 10 18 16 46 44	23.01	24.20	PRE?
 08 10 18 16 47 44	23.01	24.21	PRE?
 08 10 18 16 48 44	22.96	24.17	PRE?
 08 10 18 16 49 44	22.98	24.16	PRE?
 08 10 18 16 50 44	22.98	24.17	PRE?
 08 10 18 16 51 44	22.98	24.20	PRE?
 08 10 18 16 52 44	22.97	24.17	PRE?
 08 10 18 16 53 44	22.99	24.18	PRE?
 08 10 18 16 54 44	22.96	24.17	PRE?
 08 10 18 16 55 44	22.96	24.17	PRE?
 08 10 18 16 56 44	22.99	24.20	PRE?
 08 10 18 16 57 44	22.95	24.18	PRE?
 08 10 18 16 58 44	22.99	24.18	PRE?
 08 10 18 16 59 44	22.98	24.21	PRE?
 08 10 18 17 00 44	22.97	24.17	PRE?
 08 10 18 17 01 44	22.99	24.25	PRE?
 08 10 18 17 02 44	22.98	24.20	PRE?
 08 10 18 17 03 44	22.98	24.19	PRE?
 08 10 18 17 04 44	22.96	24.18	PRE?
 08 10 18 17 05 44	23.01	24.21	PRE?
 08 10 18 17 06 44	22.99	24.19	PRE?
 08 10 18 17 07 44	22.98	24.21	PRE?
 08 10 18 17 08 44	22.95	24.18	PRE?
 08 10 18 17 09 44	23.01	24.20	PRE?
 08 10 18 17 10 44	22.97	24.20	PRE?
 08 10 18 17 11 44	22.97	24.16	PRE?
 08 10 18 17 12 44	22.97	24.22	PRE?
 08 10 18 17 13 44	22.99	24.19	PRE?
 08 10 18 17 14 44	22.98	24.17	PRE?
 08 10 18 17 15 44	22.97	24.17	PRE?
 08 10 18 17 16 44	23.00	24.18	PRE?
 08 10 18 17 17 44	22.96	24.16	PRE?
 08 10 18 17 18 44	22.98	24.21	PRE?
 08 10 18 17 19 44	22.96	24.22	PRE?
 08 10 18 17 20 44	23.01	24.21	PRE?
 08 10 18 17 21 44	22.97	24.18	PRE?
 08 10 18 17 22 44	22.96	24.20	PRE?
 08 10 18 17 23 44	22.97	24.20	PRE?
 08 10 18 17 24 44	22.99	24.23	PRE?
 08 10 18 17 25 44	22.96	24.18	PRE?
 08 10 18 17 26 44	22.98	24.19	PRE?
 08 10 18 17 27 44	23.00	24.21	PRE?
 08 10 18 17 28 44	23.01	24.22	PRE?
 08 10 18 17 30 43	22.96	24.17	PRE?
 08 10 18 17 31 44	22.97	24.18	PRE?
 08 10 18 17 31 44	22.97	24.19	PRE?
 08 10 18 17 32 44	22.96	24.17	PRE?
 08 10 18 17 34 44	22.97	24.18	PRE?
 08 10 18 17 35 44	22.96	24.17	PRE?
 08 10 18 17 36 44	22.97	24.16	PRE?
 08 10 18 17 37 44	22.96	24.18	PRE?
 08 10 18 17 38 44	22.95	24.15	PRE?
 08 10 18 17 39 44	22.98	24.19	PRE?
 08 10 18 17 40 44	22.96	24.21	PRE?
 08 10 18 17 41 44	22.98	24.20	PRE?
 08 10 18 17 42 44	22.98	24.16	PRE?
 08 10 18 17 43 44	23.01	24.18	PRE?
 08 10 18 17 44 44	22.99	24.19	PRE?
 08 10 18 17 45 44	22.99	24.19	PRE?
 08 10 18 17 46 44	22.98	24.19	PRE?
 08 10 18 17 47 44	22.99	24.21	PRE?
 08 10 18 17 48 44	22.98	24.18	PRE?
 08 10 18 17 49 44	22.99	24.19	PRE?
 08 10 18 17 50 44	22.96	24.18	PRE?
 08 10 18 17 51 44	22.97	24.15	PRE?
 08 10 18 17 52 44	22.97	24.15	PRE?
 08 10 18 17 53 44	22.97	24.15	PRE?
 08 10 18 17 54 44	22.97	24.20	PRE?
 08 10 18 17 55 44	22.95	24.21	PRE?
 08 10 18 17 56 44	22.96	24.19	PRE?
 08 10 18 17 57 44	22.98	24.20	PRE?
 08 10 18 17 58 44	22.98	24.17	PRE?
 08 10 18 17 59 44	22.99	24.20	PRE?
 08 10 18 18 00 44	22.99	24.19	PRE?
 08 10 18 18 01 44	22.97	24.19	PRE?
 08 10 18 18 02 44	22.98	24.17	PRE?
 08 10 18 18 03 44	22.99	24.17	PRE?
 08 10 18 18 04 44	22.98	24.17	PRE?
 08 10 18 18 05 44	23.02	24.21	PRE?
 08 10 18 18 06 44	22.96	24.18	PRE?
 08 10 18 18 07 44	22.99	24.20	PRE?
 08 10 18 18 08 44	22.97	24.20	PRE?
 08 10 18 18 09 44	22.98	24.18	PRE?
 08 10 18 18 10 44	22.99	24.20	PRE?
 08 10 18 18 11 44	22.99	24.19	PRE?
 08 10 18 18 12 44	22.97	24.15	PRE?
 08 10 18 18 13 44	22.99	24.19	PRE?
 08 10 18 18 14 44	22.99	24.19	PRE?
 08 10 18 18 15 44	22.98	24.19	PRE?
 08 10 18 18 16 44	22.97	24.13	PRE?
 08 10 18 18 17 44	22.99	24.20	PRE?
 08 10 18 18 18 44	23.00	24.19	PRE?
 08 10 18 18 19 44	22.98	24.18	PRE?
 08 10 18 18 20 44	23.00	24.19	PRE?
 08 10 18 18 21 44	22.99	24.20	PRE?
 08 10 18 18 22 44	22.98	24.23	PRE?
 08 10 18 18 23 44	22.96	24.15	PRE?
 08 10 18 18 24 44	22.98	24.18	PRE?
 08 10 18 18 25 44	23.00	24.23	PRE?
 08 10 18 18 26 44	22.99	24.13	PRE?
 08 10 18 18 27 44	22.96	24.15	PRE?
 08 10 18 18 28 44	23.00	24.15	PRE?
 08 10 18 18 29 44	22.99	24.18	PRE?
 08 10 18 18 30 44	22.97	24.17	PRE?
 08 10 18 18 31 44	22.96	24.18	PRE?
 08 10 18 18 32 44	22.99	24.17	PRE?
 08 10 18 18 33 44	22.96	24.20	PRE?
 08 10 18 18 34 44	22.99	24.17	PRE?
 08 10 18 18 35 44	22.99	24.18	PRE?
 08 10 18 18 36 44	22.95	24.16	PRE?
 08 10 18 18 37 44	22.95	24.15	PRE?
 08 10 18 18 38 44	22.98	24.21	PRE?
 08 10 18 18 39 44	22.96	24.20	PRE?
 08 10 18 18 40 44	22.96	24.21	PRE?
 08 10 18 18 41 44	22.97	24.17	PRE?
 08 10 18 18 42 44	22.97	24.20	PRE?
 08 10 18 18 43 44	22.99	24.16	PRE?
 08 10 18 18 44 44	22.99	24.19	PRE?
 08 10 18 18 45 44	22.97	24.17	PRE?
 08 10 18 18 46 44	22.98	24.17	PRE?
 08 10 18 18 47 44	23.00	24.17	PRE?
 08 10 18 18 48 44	22.96	24.17	PRE?
 08 10 18 18 49 44	22.98	24.16	PRE?
 08 10 18 18 50 44	22.96	24.15	PRE?
 08 10 18 18 51 44	22.98	24.21	PRE?
 08 10 18 18 52 44	22.99	24.15	PRE?
 08 10 18 18 53 44	22.98	24.16	PRE?
 08 10 18 18 54 44	22.96	24.16	PRE?
 08 10 18 18 55 44	22.99	24.17	PRE?
 08 10 18 18 56 44	22.98	24.17	PRE?
 08 10 18 18 57 44	22.97	24.23	PRE?
 08 10 18 18 58 44	22.97	24.20	PRE?
 08 10 18 18 59 44	22.97	24.18	PRE?
 08 10 18 19 00 44	22.99	24.18	PRE?
 08 10 18 19 01 44	22.97	24.20	PRE?
 08 10 18 19 02 44	22.96	24.17	PRE?
 08 10 18 19 03 44	23.00	24.20	PRE?
 08 10 18 19 04 44	22.97	24.20	PRE?
 08 10 18 19 05 44	22.98	24.19	PRE?
 08 10 18 19 06 44	22.97	24.17	PRE?
 08 10 18 19 07 44	22.98	24.19	PRE?
 08 10 18 19 08 44	22.96	24.19	PRE?
 08 10 18 19 09 44	23.00	24.18	PRE?
 08 10 18 19 10 44	22.97	24.20	PRE?
 08 10 18 19 11 44	22.97	24.16	PRE?
 08 10 18 19 12 44	22.97	24.18	PRE?
 08 10 18 19 13 44	22.98	24.15	PRE?
 08 10 18 19 14 44	23.00	24.18	PRE?
 08 10 18 19 15 44	23.00	24.19	PRE?
 08 10 18 19 16 44	23.00	24.19	PRE?
 08 10 18 19 17 44	22.99	24.20	PRE?
 08 10 18 19 18 44	22.96	24.15	PRE?
 08 10 18 19 19 44	22.99	24.20	PRE?
 08 10 18 19 20 43	22.98	24.19	PRE?
 08 10 18 19 21 44	22.99	24.15	PRE?
 08 10 18 19 22 44	22.96	24.15	PRE?
 08 10 18 19 23 44	22.98	24.18	PRE?
 08 10 18 19 25 44	23.01	24.17	PRE?
 08 10 18 19 26 44	22.98	24.17	PRE?
 08 10 18 19 27 44	22.98	24.16	PRE?
 08 10 18 19 28 44	22.99	24.14	PRE?
 08 10 18 19 29 44	22.98	24.18	PRE?
 08 10 18 19 30 44	22.97	24.17	PRE?
 08 10 18 19 31 44	22.97	24.18	PRE?
 08 10 18 19 32 44	22.98	24.14	PRE?
 08 10 18 19 33 44	22.96	24.18	PRE?
 08 10 18 19 34 44	22.97	24.20	PRE?
 08 10 18 19 35 44	22.98	24.17	PRE?
 08 10 18 19 36 44	23.00	24.21	PRE?
 08 10 18 19 37 44	23.00	24.20	PRE?
 08 10 18 19 38 44	22.99	24.18	PRE?
 08 10 18 19 39 44	22.99	24.19	PRE?
 08 10 18 19 40 44	22.99	24.18	PRE?
 08 10 18 19 41 44	22.97	24.20	PRE?
 08 10 18 19 42 44	22.99	24.20	PRE?
 08 10 18 19 43 44	23.00	24.20	PRE?
 08 10 18 19 44 44	22.98	24.17	PRE?
 08 10 18 19 45 44	22.99	24.20	PRE?
 08 10 18 19 46 44	22.97	24.21	PRE?
 08 10 18 19 47 44	22.98	24.21	PRE?
 08 10 18 19 48 44	22.97	24.18	PRE?
 08 10 18 19 49 44	22.99	24.22	PRE?
 08 10 18 19 50 44	23.00	24.22	PRE?
 08 10 18 19 51 44	22.98	24.21	PRE?
 08 10 18 19 52 44	22.98	24.18	PRE?
 08 10 18 19 53 44	22.97	24.19	PRE?
 08 10 18 19 54 44	22.97	24.20	PRE?
 08 10 18 19 55 44	22.97	24.23	PRE?
 08 10 18 19 56 44	22.98	24.20	PRE?
 08 10 18 19 57 44	22.98	24.22	PRE?
 08 10 18 19 58 44	22.97	24.22	PRE?
 08 10 18 19 59 44	22.97	24.20	PRE?
 08 10 18 20 00 44	22.96	24.16	PRE?
 08 10 18 20 01 44	22.97	24.21	PRE?
 08 10 18 20 02 44	22.97	24.17	PRE?
 08 10 18 20 03 44	22.98	24.18	PRE?
 08 10 18 20 04 44	22.98	24.20	PRE?
 08 10 18 20 05 44	22.99	24.21	PRE?
 08 10 18 20 06 44	22.99	24.22	PRE?
 08 10 18 20 07 44	22.97	24.20	PRE?
 08 10 18 20 08 44	22.96	24.20	PRE?
 08 10 18 20 09 44	22.96	24.21	PRE?
 08 10 18 20 10 44	22.97	24.19	PRE?
 08 10 18 20 11 44	22.97	24.20	PRE?
 08 10 18 20 12 44	22.96	24.21	PRE?
 08 10 18 20 13 44	22.99	24.19	PRE?
 08 10 18 20 14 44	22.99	24.19	PRE?
 08 10 18 20 15 44	22.96	24.21	PRE?
 08 10 18 20 16 44	22.97	24.24	PRE?
 08 10 18 20 17 44	23.00	24.19	PRE?
 08 10 18 20 18 44	22.98	24.18	PRE?
 08 10 18 20 19 44	23.02	24.19	PRE?
 08 10 18 20 20 44	22.99	24.20	PRE?
 08 10 18 20 21 44	22.97	24.20	PRE?
 08 10 18 20 22 44	23.00	24.18	PRE?
 08 10 18 20 23 44	23.02	24.20	PRE?
 08 10 18 20 24 44	22.98	24.17	PRE?
 08 10 18 20 25 44	22.98	24.20	PRE?
 08 10 18 20 26 44	23.00	24.24	PRE?
 08 10 18 20 27 44	22.99	24.20	PRE?
 08 10 18 20 28 44	22.97	24.23	PRE?
 08 10 18 20 29 44	23.00	24.19	PRE?
 08 10 18 20 30 44	22.99	24.24	PRE?
 08 10 18 20 31 44	22.99	24.17	PRE?
 08 10 18 20 32 44	22.97	24.21	PRE?
 08 10 18 20 33 44	22.98	24.20	PRE?
 08 10 18 20 34 44	22.97	24.16	PRE?
 08 10 18 20 35 44	22.97	24.15	PRE?
 08 10 18 20 36 44	23.02	24.21	PRE?
 08 10 18 20 37 44	22.98	24.21	PRE?
 08 10 18 20 38 44	23.00	24.19	PRE?
 08 10 18 20 39 44	23.00	24.17	PRE?
 08 10 18 20 40 44	22.99	24.18	PRE?
 08 10 18 20 41 44	22.98	24.16	PRE?
 08 10 18 20 42 44	22.95	24.19	PRE?
 08 10 18 20 43 44	22.99	24.22	PRE?
 08 10 18 20 44 44	22.97	24.19	PRE?
 08 10 18 20 45 44	22.97	24.19	PRE?
 08 10 18 20 46 44	22.97	24.19	PRE?
 08 10 18 20 47 44	23.01	24.16	PRE?
 08 10 18 20 48 44	22.99	24.20	PRE?
 08 10 18 20 49 44	22.97	24.22	PRE?
 08 10 18 20 50 44	22.99	24.22	PRE?
 08 10 18 20 51 44	22.99	24.20	PRE?
 08 10 18 20 52 44	22.98	24.21	PRE?
 08 10 18 20 53 44	22.95	24.21	PRE?
 08 10 18 20 54 44	22.97	24.19	PRE?
 08 10 18 20 55 44	22.98	24.17	PRE?
 08 10 18 20 56 44	22.99	24.20	PRE?
 08 10 18 20 57 44	22.97	24.18	PRE?
 08 10 18 20 58 44	22.96	24.17	PRE?
 08 10 18 20 59 44	22.98	24.18	PRE?
 08 10 18 21 00 44	22.98	24.17	PRE?
 08 10 18 21 01 44	22.97	24.21	PRE?
 08 10 18 21 02 44	22.98	24.17	PRE?
 08 10 18 21 03 44	22.99	24.14	PRE?
 08 10 18 21 04 44	23.00	24.15	PRE?
 08 10 18 21 05 44	22.98	24.18	PRE?
 08 10 18 21 06 44	22.98	24.16	PRE?
 08 10 18 21 07 44	22.99	24.17	PRE?
 08 10 18 21 08 44	22.97	24.18	PRE?
 08 10 18 21 09 44	22.99	24.20	PRE?
 08 10 18 21 11 43	22.97	24.11	PRE?
 08 10 18 21 12 44	22.96	24.16	PRE?
 08 10 18 21 13 44	22.98	24.16	PRE?
 08 10 18 21 15 43	22.98	24.14	PRE?
 08 10 18 21 15 44	22.98	24.15	PRE?
 08 10 18 21 16 44	22.98	24.19	PRE?
 08 10 18 21 17 44	23.00	24.20	PRE?
 08 10 18 21 18 44	22.99	24.15	PRE?
 08 10 18 21 19 44	22.99	24.17	PRE?
 08 10 18 21 20 44	23.01	24.19	PRE?
 08 10 18 21 21 44	23.00	24.20	PRE?
 08 10 18 21 22 44	22.97	24.19	PRE?
 08 10 18 21 23 44	22.97	24.23	PRE?
 08 10 18 21 24 44	23.00	24.19	PRE?
 08 10 18 21 25 44	22.97	24.17	PRE?
 08 10 18 21 26 44	22.97	24.21	PRE?
 08 10 18 21 27 44	22.99	24.17	PRE?
 08 10 18 21 28 44	22.95	24.15	PRE?
 08 10 18 21 29 44	22.96	24.15	PRE?
 08 10 18 21 30 44	22.96	24.19	PRE?
 08 10 18 21 31 44	22.98	24.18	PRE?
 08 10 18 21 32 44	22.97	24.17	PRE?
 08 10 18 21 33 44	22.98	24.20	PRE?
 08 10 18 21 34 44	22.97	24.16	PRE?
 08 10 18 21 35 44	23.00	24.19	PRE?
 08 10 18 21 36 44	22.96	24.18	PRE?
 08 10 18 21 37 44	22.96	24.19	PRE?
 08 10 18 21 38 44	22.99	24.22	PRE?
 08 10 18 21 39 44	22.99	24.22	PRE?
 08 10 18 21 40 44	22.98	24.17	PRE?
 08 10 18 21 41 44	22.97	24.18	PRE?
 08 10 18 21 42 44	22.98	24.23	PRE?
 08 10 18 21 43 44	22.99	24.22	PRE?
 08 10 18 21 44 44	23.01	24.20	PRE?
 08 10 18 21 45 44	22.98	24.22	PRE?
 08 10 18 21 46 44	23.00	24.19	PRE?
 08 10 18 21 47 44	22.97	24.18	PRE?
 08 10 18 21 48 44	22.98	24.17	PRE?
 08 10 18 21 49 44	22.99	24.21	PRE?
 08 10 18 21 50 44	23.01	24.22	PRE?
 08 10 18 21 51 44	22.97	24.19	PRE?
 08 10 18 21 52 44	22.99	24.21	PRE?
 08 10 18 21 53 44	22.98	24.23	PRE?
 08 10 18 21 54 44	22.96	24.17	PRE?
 08 10 18 21 55 44	22.97	24.21	PRE?
 08 10 18 21 56 44	22.99	24.19	PRE?
 08 10 18 21 57 44	22.95	24.22	PRE?
 08 10 18 21 58 44	22.99	24.18	PRE?
 08 10 18 21 59 44	22.97	24.17	PRE?
 08 10 18 22 00 44	22.97	24.20	PRE?
 08 10 18 22 01 44	22.97	24.15	PRE?
 08 10 18 22 02 44	22.98	24.18	PRE?
 08 10 18 22 03 44	22.97	24.19	PRE?
 08 10 18 22 04 44	22.97	24.17	PRE?
 08 10 18 22 05 44	23.00	24.21	PRE?
 08 10 18 22 06 44	22.96	24.20	PRE?
 08 10 18 22 07 44	22.97	24.20	PRE?
 08 10 18 22 08 44	22.95	24.21	PRE?
 08 10 18 22 09 44	22.97	24.22	PRE?
 08 10 18 22 10 44	22.97	24.21	PRE?
 08 10 18 22 11 44	22.98	24.19	PRE?
 08 10 18 22 12 44	22.99	24.22	PRE?
 08 10 18 22 13 44	22.98	24.19	PRE?
 08 10 18 22 14 44	22.99	24.21	PRE?
 08 10 18 22 15 44	22.97	24.20	PRE?
 08 10 18 22 16 44	22.98	24.22	PRE?
 08 10 18 22 17 44	23.00	24.22	PRE?
 08 10 18 22 18 44	22.97	24.21	PRE?
 08 10 18 22 19 44	22.97	24.18	PRE?
 08 10 18 22 20 44	23.01	24.21	PRE?
 08 10 18 22 21 44	23.01	24.20	PRE?
 08 10 18 22 22 44	23.00	24.19	PRE?
 08 10 18 22 23 44	23.00	24.20	PRE?
 08 10 18 22 24 44	22.97	24.23	PRE?
 08 10 18 22 25 44	22.95	24.17	PRE?
 08 10 18 22 26 44	22.99	24.19	PRE?
 08 10 18 22 27 44	22.99	24.21	PRE?
 08 10 18 22 28 44	22.96	24.17	PRE?
 08 10 18 22 29 44	22.94	24.19	PRE?
 08 10 18 22 30 44	22.99	24.21	PRE?
 08 10 18 22 31 44	22.97	24.21	PRE?
 08 10 18 22 32 44	23.00	24.21	PRE?
 08 10 18 22 33 44	23.00	24.16	PRE?
 08 10 18 22 34 44	22.96	24.20	PRE?
 08 10 18 22 35 44	22.97	24.18	PRE?
 08 10 18 22 36 44	22.99	24.19	PRE?
 08 10 18 22 37 44	22.98	24.20	PRE?
 08 10 18 22 38 44	22.97	24.19	PRE?
 08 10 18 22 39 44	22.98	24.21	PRE?
 08 10 18 22 40 44	22.98	24.22	PRE?
 08 10 18 22 41 44	22.96	24.17	PRE?
 08 10 18 22 42 44	22.96	24.18	PRE?
 08 10 18 22 43 44	22.96	24.20	PRE?
 08 10 18 22 44 44	22.97	24.20	PRE?
 08 10 18 22 45 44	22.99	24.17	PRE?
 08 10 18 22 46 44	22.96	24.14	PRE?
 08 10 18 22 47 44	23.00	24.15	PRE?
 08 10 18 22 48 44	22.99	24.14	PRE?
 08 10 18 22 49 44	22.99	24.17	PRE?
 08 10 18 22 50 44	22.94	24.16	PRE?
 08 10 18 22 51 44	23.00	24.20	PRE?
 08 10 18 22 52 44	22.99	24.21	PRE?
 08 10 18 22 53 44	22.97	24.18	PRE?
 08 10 18 22 54 44	22.96	24.22	PRE?
 08 10 18 22 55 44	22.96	24.19	PRE?
 08 10 18 22 56 44	22.98	24.21	PRE?
 08 10 18 22 57 44	22.98	24.18	PRE?
 08 10 18 22 58 44	22.98	24.18	PRE?
 08 10 18 22 59 44	22.98	24.22	PRE?
 08 10 18 23 00 44	22.94	24.19	PRE?
 08 10 18 23 02 43	22.98	24.19	PRE?
 08 10 18 23 03 44	22.99	24.22	PRE?
 08 10 18 23 03 44	22.99	24.22	PRE?
 08 10 18 23 04 44	22.98	24.16	PRE?
 08 10 18 23 06 44	22.98	24.17	PRE?
 08 10 18 23 07 44	22.96	24.20	PRE?
 08 10 18 23 08 44	22.97	24.17	PRE?
 08 10 18 23 09 44	22.96	24.16	PRE?
 08 10 18 23 10 44	22.98	24.17	PRE?
 08 10 18 23 11 44	22.98	24.17	PRE?
 08 10 18 23 12 44	22.98	24.14	PRE?
 08 10 18 23 13 44	22.98	24.18	PRE?
 08 10 18 23 14 44	22.98	24.17	PRE?
 08 10 18 23 15 44	22.93	24.14	PRE?
 08 10 18 23 16 44	22.97	24.19	PRE?
 08 10 18 23 17 44	22.98	24.18	PRE?
 08 10 18 23 18 44	22.98	24.18	PRE?
 08 10 18 23 19 44	22.98	24.17	PRE?
 08 10 18 23 20 44	22.98	24.18	PRE?
 08 10 18 23 21 44	22.96	24.15	PRE?
 08 10 18 23 22 44	22.97	24.15	PRE?
 08 10 18 23 23 44	22.98	24.19	PRE?
 08 10 18 23 24 44	22.96	24.18	PRE?
 08 10 18 23 25 44	22.97	24.17	PRE?
 08 10 18 23 26 44	23.00	24.19	PRE?
 08 10 18 23 27 44	22.99	24.18	PRE?
 08 10 18 23 28 44	22.98	24.19	PRE?
 08 10 18 23 29 44	22.98	24.21	PRE?
 08 10 18 23 30 44	22.96	24.18	PRE?
 08 10 18 23 31 44	22.98	24.18	PRE?
 08 10 18 23 32 44	22.95	24.16	PRE?
 08 10 18 23 33 44	22.99	24.18	PRE?
 08 10 18 23 34 44	22.96	24.20	PRE?
 08 10 18 23 35 44	22.99	24.19	PRE?
 08 10 18 23 36 44	22.99	24.15	PRE?
 08 10 18 23 37 44	22.97	24.17	PRE?
 08 10 18 23 38 44	22.96	24.20	PRE?
 08 10 18 23 39 44	22.98	24.20	PRE?
 08 10 18 23 40 44	22.97	24.19	PRE?
 08 10 18 23 41 44	22.95	24.18	PRE?
 08 10 18 23 42 44	22.95	24.18	PRE?
 08 10 18 23 43 44	22.97	24.24	PRE?
 08 10 18 23 44 44	23.00	24.19	PRE?
 08 10 18 23 45 44	22.96	24.20	PRE?
 08 10 18 23 46 44	22.98	24.20	PRE?
 08 10 18 23 47 44	22.97	24.20	PRE?
 08 10 18 23 48 44	22.99	24.20	PRE?
 08 10 18 23 49 44	23.00	24.20	PRE?
 08 10 18 23 50 44	22.96	24.21	PRE?
 08 10 18 23 51 44	22.99	24.23	PRE?
 08 10 18 23 52 44	22.99	24.21	PRE?
 08 10 18 23 53 44	22.98	24.20	PRE?
 08 10 18 23 54 44	22.99	24.17	PRE?
 08 10 18 23 55 44	22.99	24.23	PRE?
 08 10 18 23 56 44	22.97	24.18	PRE?
 08 10 18 23 57 44	22.99	24.22	PRE?
 08 10 18 23 58 44	22.98	24.20	PRE?
 08 10 18 23 59 44	22.99	24.19	PRE?
